<?xml version="1.0" encoding="UTF-8"?>
<testsuites name="Jest Tests" tests="1" failures="0" errors="0" time="1.59">
  <testsuite name="TestExample" errors="0" failures="0" skipped="0" timestamp="2021-04-20T11:09:37" time="0.436" tests="1">
    <testcase classname="TestExample 2+2 = 4" name="TestExample 2+2 = 4" time="0.001">
    </testcase>
  </testsuite>
</testsuites>