<?xml version="1.0" encoding="UTF-8"?>
<testsuites name="Jest Tests" tests="1" failures="0" errors="0" time="1.643">
  <testsuite name="TestExample" errors="0" failures="0" skipped="0" timestamp="2021-04-22T17:21:54" time="0.452" tests="1">
    <testcase classname="TestExample 2+2 = 4" name="TestExample 2+2 = 4" time="0.001">
    </testcase>
  </testsuite>
</testsuites>